<?xml version="1.0" encoding="UTF-8"?>
<!-- Generated by org.testng.reporters.JUnitReportReporter -->
<testsuite hostname="ANT2W10BLR" name="com.dassualts.biovia.testScripts.testcases.LoginTest" tests="1" failures="0" timestamp="27 Mar 2018 02:16:07 GMT" time="0.011" errors="0">
  <testcase name="Login" time="0.011" classname="com.dassualts.biovia.testScripts.testcases.LoginTest"/>
</testsuite> <!-- com.dassualts.biovia.testScripts.testcases.LoginTest -->
