<?xml version="1.0" encoding="UTF-8"?>
<!-- Generated by org.testng.reporters.JUnitReportReporter -->
<testsuite hostname="ANT2W10BLR" name="com.dassualts.biovia.testScripts.testcases.CreateUser" tests="1" failures="0" timestamp="7 Apr 2018 02:59:42 GMT" time="0.002" errors="0">
  <testcase name="createUser" time="0.002" classname="com.dassualts.biovia.testScripts.testcases.CreateUser"/>
</testsuite> <!-- com.dassualts.biovia.testScripts.testcases.CreateUser -->
