<?xml version="1.0" encoding="UTF-8"?>
<!-- Generated by org.testng.reporters.JUnitReportReporter -->
<testsuite hostname="ANT2W10BLR" name="com.dassualts.biovia.testScripts.testcases.SerachFlight" tests="1" failures="0" timestamp="10 Apr 2018 02:25:44 GMT" time="9.400" errors="0">
  <testcase name="searchFlight" time="9.400" classname="com.dassualts.biovia.testScripts.testcases.SerachFlight"/>
</testsuite> <!-- com.dassualts.biovia.testScripts.testcases.SerachFlight -->
