<?xml version="1.0" encoding="UTF-8"?>
<!-- Generated by org.testng.reporters.JUnitReportReporter -->
<testsuite hostname="ANT2W10BLR" name="com.dassualts.biovia.parctice.OR.FailOrPassTest" tests="1" failures="0" timestamp="15 Mar 2018 02:34:08 GMT" time="13.720" errors="0">
  <testcase name="TestCase1" time="13.720" classname="com.dassualts.biovia.parctice.OR.FailOrPassTest"/>
</testsuite> <!-- com.dassualts.biovia.parctice.OR.FailOrPassTest -->
